<?xml version="1.0" encoding="UTF-8"?>
<!-- Generated by org.testng.reporters.JUnitReportReporter -->
<testsuite skipped="0" hostname="Dev-1003" name="Cavisson.AppTest" tests="1" failures="0" timestamp="2022-01-31T15:59:33 IST" time="0.017" errors="0">
  <testcase name="shouldAnswerWithTrue" time="0.017" classname="Cavisson.AppTest"/>
  <system-out/>
</testsuite> <!-- Cavisson.AppTest -->
