<?xml version="1.0" encoding="UTF-8"?>
<!-- Generated by org.testng.reporters.JUnitReportReporter -->
<testsuite skipped="0" hostname="Dev-1003" name="cucumberOptions.TestRunner" tests="1" failures="0" timestamp="2022-02-03T16:44:27 IST" time="104.853" errors="0">
  <testcase name="feature" time="104.853" classname="cucumberOptions.TestRunner"/>
  <system-out/>
</testsuite> <!-- cucumberOptions.TestRunner -->
