<?xml version="1.0" encoding="UTF-8"?>
<!-- Generated by org.testng.reporters.JUnitReportReporter -->
<testsuite skipped="0" hostname="Dev-1003" name="Cavisson.Project.AppTest" tests="1" failures="0" timestamp="2022-01-31T15:49:34 IST" time="0.014" errors="0">
  <testcase name="shouldAnswerWithTrue" time="0.014" classname="Cavisson.Project.AppTest"/>
  <system-out/>
</testsuite> <!-- Cavisson.Project.AppTest -->
